[debug] [2024-09-24T10:38:06.309Z] ----------------------------------------------------------------------
[debug] [2024-09-24T10:38:06.312Z] Command:       C:\Program Files\nodejs\node.exe C:\Users\rites\AppData\Roaming\npm\node_modules\firebase-tools\lib\bin\firebase.js init
[debug] [2024-09-24T10:38:06.313Z] CLI Version:   13.19.0
[debug] [2024-09-24T10:38:06.313Z] Platform:      win32
[debug] [2024-09-24T10:38:06.313Z] Node Version:  v20.17.0
[debug] [2024-09-24T10:38:06.313Z] Time:          Tue Sep 24 2024 16:08:06 GMT+0530 (India Standard Time)
[debug] [2024-09-24T10:38:06.313Z] ----------------------------------------------------------------------
[debug] 
[debug] [2024-09-24T10:38:06.318Z] > command requires scopes: ["email","openid","https://www.googleapis.com/auth/cloudplatformprojects.readonly","https://www.googleapis.com/auth/firebase","https://www.googleapis.com/auth/cloud-platform"]
[debug] [2024-09-24T10:38:06.318Z] > authorizing via signed-in user (riteshf7@gmail.com)
[info] 
     ######## #### ########  ######## ########     ###     ######  ########
     ##        ##  ##     ## ##       ##     ##  ##   ##  ##       ##
     ######    ##  ########  ######   ########  #########  ######  ######
     ##        ##  ##    ##  ##       ##     ## ##     ##       ## ##
     ##       #### ##     ## ######## ########  ##     ##  ######  ########

You're about to initialize a Firebase project in this directory:

  C:\Users\rites\AndroidStudioProjects\Laxmiemi

[info] 
=== Project Setup
[info] 
[info] First, let's associate this project directory with a Firebase project.
[info] You can create multiple project aliases by running firebase use --add, 
[info] but for now we'll just set up a default project.
[info] 
[info] i  If you want to create a project in a Google Cloud organization or folder, please use "firebase projects:create" instead, and return to this command when you've created the project. 
[debug] [2024-09-24T10:43:57.909Z] >>> [apiv2][query] POST https://cloudresourcemanager.googleapis.com/v1/projects [none]
[debug] [2024-09-24T10:43:57.909Z] >>> [apiv2][body] POST https://cloudresourcemanager.googleapis.com/v1/projects {"projectId":"Laxmi emi","name":"Laxmi emi"}
[debug] [2024-09-24T10:43:59.594Z] <<< [apiv2][status] POST https://cloudresourcemanager.googleapis.com/v1/projects 400
[debug] [2024-09-24T10:43:59.594Z] <<< [apiv2][body] POST https://cloudresourcemanager.googleapis.com/v1/projects {"error":{"code":400,"message":"field [project_id] has issue [project_id contains invalid characters]","status":"INVALID_ARGUMENT","details":[{"@type":"type.googleapis.com/google.rpc.BadRequest","fieldViolations":[{"field":"project_id","description":"project_id contains invalid characters"}]},{"@type":"type.googleapis.com/google.rpc.Help","links":[{"url":"https://cloud.google.com/resource-manager/reference/rest/v1/projects"}]}]}}
[debug] [2024-09-24T10:43:59.763Z] FirebaseError: HTTP Error: 400, field [project_id] has issue [project_id contains invalid characters]
    at responseToError (C:\Users\rites\AppData\Roaming\npm\node_modules\firebase-tools\lib\responseToError.js:49:12)
    at RetryOperation._fn (C:\Users\rites\AppData\Roaming\npm\node_modules\firebase-tools\lib\apiv2.js:305:77)
    at process.processTicksAndRejections (node:internal/process/task_queues:95:5)
[error] 
[error] Error: Failed to create project. See firebase-debug.log for more info.
[debug] [2024-09-24T10:44:17.275Z] ----------------------------------------------------------------------
[debug] [2024-09-24T10:44:17.278Z] Command:       C:\Program Files\nodejs\node.exe C:\Users\rites\AppData\Roaming\npm\node_modules\firebase-tools\lib\bin\firebase.js init
[debug] [2024-09-24T10:44:17.278Z] CLI Version:   13.19.0
[debug] [2024-09-24T10:44:17.278Z] Platform:      win32
[debug] [2024-09-24T10:44:17.278Z] Node Version:  v20.17.0
[debug] [2024-09-24T10:44:17.278Z] Time:          Tue Sep 24 2024 16:14:17 GMT+0530 (India Standard Time)
[debug] [2024-09-24T10:44:17.278Z] ----------------------------------------------------------------------
[debug] 
[debug] [2024-09-24T10:44:17.284Z] > command requires scopes: ["email","openid","https://www.googleapis.com/auth/cloudplatformprojects.readonly","https://www.googleapis.com/auth/firebase","https://www.googleapis.com/auth/cloud-platform"]
[debug] [2024-09-24T10:44:17.284Z] > authorizing via signed-in user (riteshf7@gmail.com)
[info] 
     ######## #### ########  ######## ########     ###     ######  ########
     ##        ##  ##     ## ##       ##     ##  ##   ##  ##       ##
     ######    ##  ########  ######   ########  #########  ######  ######
     ##        ##  ##    ##  ##       ##     ## ##     ##       ## ##
     ##       #### ##     ## ######## ########  ##     ##  ######  ########

You're about to initialize a Firebase project in this directory:

  C:\Users\rites\AndroidStudioProjects\Laxmiemi

[info] 
=== Project Setup
[info] 
[info] First, let's associate this project directory with a Firebase project.
[info] You can create multiple project aliases by running firebase use --add, 
[info] but for now we'll just set up a default project.
[info] 
[info] i  If you want to create a project in a Google Cloud organization or folder, please use "firebase projects:create" instead, and return to this command when you've created the project. 
[debug] [2024-09-24T10:45:10.924Z] >>> [apiv2][query] POST https://cloudresourcemanager.googleapis.com/v1/projects [none]
[debug] [2024-09-24T10:45:10.925Z] >>> [apiv2][body] POST https://cloudresourcemanager.googleapis.com/v1/projects {"projectId":"laxmi_emi","name":"laxmi_emi"}
[debug] [2024-09-24T10:45:12.501Z] <<< [apiv2][status] POST https://cloudresourcemanager.googleapis.com/v1/projects 400
[debug] [2024-09-24T10:45:12.501Z] <<< [apiv2][body] POST https://cloudresourcemanager.googleapis.com/v1/projects {"error":{"code":400,"message":"Request contains an invalid argument.","status":"INVALID_ARGUMENT","details":[{"@type":"type.googleapis.com/google.rpc.BadRequest","fieldViolations":[{"field":"project_id","description":"project_id contains invalid characters"},{"field":"display_name","description":"project display name contains invalid characters"}]},{"@type":"type.googleapis.com/google.rpc.Help","links":[{"url":"https://cloud.google.com/resource-manager/reference/rest/v1/projects"}]}]}}
[debug] [2024-09-24T10:45:12.670Z] FirebaseError: HTTP Error: 400, Request contains an invalid argument.
    at responseToError (C:\Users\rites\AppData\Roaming\npm\node_modules\firebase-tools\lib\responseToError.js:49:12)
    at RetryOperation._fn (C:\Users\rites\AppData\Roaming\npm\node_modules\firebase-tools\lib\apiv2.js:305:77)
    at process.processTicksAndRejections (node:internal/process/task_queues:95:5)
[error] 
[error] Error: Failed to create project. See firebase-debug.log for more info.
